INFO  | 2026-01-27 10:54:21 | [main] util.LogHelper (LogHelper.java:31) - HHH000204: Processing PersistenceUnitInfo [name: jpa]
INFO  | 2026-01-27 10:54:21 | [main] hibernate.Version (Version.java:44) - HHH000412: Hibernate ORM core version 6.4.4.Final
WARN  | 2026-01-27 10:54:21 | [main] internal.EntityManagerFactoryBuilderImpl (EntityManagerFactoryBuilderImpl.java:742) - HHH90000021: Encountered deprecated setting [javax.persistence.jdbc.user], use [jakarta.persistence.jdbc.user] instead
WARN  | 2026-01-27 10:54:21 | [main] internal.EntityManagerFactoryBuilderImpl (EntityManagerFactoryBuilderImpl.java:764) - HHH90000021: Encountered deprecated setting [javax.persistence.jdbc.password], use [jakarta.persistence.jdbc.password] instead
WARN  | 2026-01-27 10:54:21 | [main] internal.EntityManagerFactoryBuilderImpl (EntityManagerFactoryBuilderImpl.java:1079) - HHH90000021: Encountered deprecated setting [javax.persistence.jdbc.url], use [jakarta.persistence.jdbc.url] instead
WARN  | 2026-01-27 10:54:21 | [main] internal.EntityManagerFactoryBuilderImpl (EntityManagerFactoryBuilderImpl.java:1086) - HHH90000021: Encountered deprecated setting [javax.persistence.jdbc.driver], use [jakarta.persistence.jdbc.driver] instead
INFO  | 2026-01-27 10:54:21 | [main] internal.RegionFactoryInitiator (RegionFactoryInitiator.java:50) - HHH000026: Second-level cache disabled
WARN  | 2026-01-27 10:54:21 | [main] internal.DriverManagerConnectionProviderImpl (DriverManagerConnectionProviderImpl.java:81) - HHH10001002: Using built-in connection pool (not intended for production use)
INFO  | 2026-01-27 10:54:21 | [main] internal.DriverManagerConnectionProviderImpl (DriverManagerConnectionProviderImpl.java:136) - HHH10001005: Loaded JDBC driver class: com.mysql.cj.jdbc.Driver
INFO  | 2026-01-27 10:54:21 | [main] internal.DriverManagerConnectionProviderImpl (DriverManagerConnectionProviderImpl.java:158) - HHH10001012: Connecting with JDBC URL [jdbc:mysql://localhost:3306/ymsli26]
INFO  | 2026-01-27 10:54:21 | [main] internal.DriverManagerConnectionProviderImpl (DriverManagerConnectionProviderImpl.java:167) - HHH10001001: Connection properties: {password=****, user=root}
INFO  | 2026-01-27 10:54:21 | [main] internal.DriverManagerConnectionProviderImpl (DriverManagerConnectionProviderImpl.java:171) - HHH10001003: Autocommit mode: false
INFO  | 2026-01-27 10:54:21 | [main] internal.DriverManagerConnectionProviderImpl$PooledConnections (DriverManagerConnectionProviderImpl.java:371) - HHH10001115: Connection pool size: 20 (min=1)
WARN  | 2026-01-27 10:54:22 | [main] internal.JdbcEnvironmentInitiator (JdbcEnvironmentInitiator.java:345) - HHH000342: Could not obtain connection to query metadata
java.lang.IllegalStateException: Cannot get a connection as the driver manager is not properly initialized
	at org.hibernate.engine.jdbc.connections.internal.DriverManagerConnectionProviderImpl.getConnection(DriverManagerConnectionProviderImpl.java:259) ~[hibernate-core-6.4.4.Final.jar:6.4.4.Final]
	at org.hibernate.engine.jdbc.env.internal.JdbcEnvironmentInitiator$ConnectionProviderJdbcConnectionAccess.obtainConnection(JdbcEnvironmentInitiator.java:428) ~[hibernate-core-6.4.4.Final.jar:6.4.4.Final]
	at org.hibernate.resource.transaction.backend.jdbc.internal.JdbcIsolationDelegate.delegateWork(JdbcIsolationDelegate.java:61) ~[hibernate-core-6.4.4.Final.jar:6.4.4.Final]
	at org.hibernate.engine.jdbc.env.internal.JdbcEnvironmentInitiator.getJdbcEnvironmentUsingJdbcMetadata(JdbcEnvironmentInitiator.java:276) [hibernate-core-6.4.4.Final.jar:6.4.4.Final]
	at org.hibernate.engine.jdbc.env.internal.JdbcEnvironmentInitiator.initiateService(JdbcEnvironmentInitiator.java:107) [hibernate-core-6.4.4.Final.jar:6.4.4.Final]
	at org.hibernate.engine.jdbc.env.internal.JdbcEnvironmentInitiator.initiateService(JdbcEnvironmentInitiator.java:68) [hibernate-core-6.4.4.Final.jar:6.4.4.Final]
	at org.hibernate.boot.registry.internal.StandardServiceRegistryImpl.initiateService(StandardServiceRegistryImpl.java:130) [hibernate-core-6.4.4.Final.jar:6.4.4.Final]
	at org.hibernate.service.internal.AbstractServiceRegistryImpl.createService(AbstractServiceRegistryImpl.java:263) [hibernate-core-6.4.4.Final.jar:6.4.4.Final]
	at org.hibernate.service.internal.AbstractServiceRegistryImpl.initializeService(AbstractServiceRegistryImpl.java:238) [hibernate-core-6.4.4.Final.jar:6.4.4.Final]
	at org.hibernate.service.internal.AbstractServiceRegistryImpl.getService(AbstractServiceRegistryImpl.java:215) [hibernate-core-6.4.4.Final.jar:6.4.4.Final]
	at org.hibernate.engine.jdbc.internal.JdbcServicesImpl.configure(JdbcServicesImpl.java:52) [hibernate-core-6.4.4.Final.jar:6.4.4.Final]
	at org.hibernate.boot.registry.internal.StandardServiceRegistryImpl.configureService(StandardServiceRegistryImpl.java:136) [hibernate-core-6.4.4.Final.jar:6.4.4.Final]
	at org.hibernate.service.internal.AbstractServiceRegistryImpl.initializeService(AbstractServiceRegistryImpl.java:247) [hibernate-core-6.4.4.Final.jar:6.4.4.Final]
	at org.hibernate.service.internal.AbstractServiceRegistryImpl.getService(AbstractServiceRegistryImpl.java:215) [hibernate-core-6.4.4.Final.jar:6.4.4.Final]
	at org.hibernate.engine.jdbc.connections.internal.BasicConnectionCreator.convertSqlException(BasicConnectionCreator.java:132) [hibernate-core-6.4.4.Final.jar:6.4.4.Final]
	at org.hibernate.engine.jdbc.connections.internal.DriverConnectionCreator.makeConnection(DriverConnectionCreator.java:43) [hibernate-core-6.4.4.Final.jar:6.4.4.Final]
	at org.hibernate.engine.jdbc.connections.internal.BasicConnectionCreator.createConnection(BasicConnectionCreator.java:61) [hibernate-core-6.4.4.Final.jar:6.4.4.Final]
	at org.hibernate.engine.jdbc.connections.internal.DriverManagerConnectionProviderImpl$PooledConnections.addConnections(DriverManagerConnectionProviderImpl.java:499) [hibernate-core-6.4.4.Final.jar:6.4.4.Final]
	at org.hibernate.engine.jdbc.connections.internal.DriverManagerConnectionProviderImpl$PooledConnections.<init>(DriverManagerConnectionProviderImpl.java:372) [hibernate-core-6.4.4.Final.jar:6.4.4.Final]
	at org.hibernate.engine.jdbc.connections.internal.DriverManagerConnectionProviderImpl$PooledConnections$Builder.build(DriverManagerConnectionProviderImpl.java:550) [hibernate-core-6.4.4.Final.jar:6.4.4.Final]
	at org.hibernate.engine.jdbc.connections.internal.DriverManagerConnectionProviderImpl.buildPool(DriverManagerConnectionProviderImpl.java:102) [hibernate-core-6.4.4.Final.jar:6.4.4.Final]
	at org.hibernate.engine.jdbc.connections.internal.DriverManagerConnectionProviderImpl.configure(DriverManagerConnectionProviderImpl.java:82) [hibernate-core-6.4.4.Final.jar:6.4.4.Final]
	at org.hibernate.boot.registry.internal.StandardServiceRegistryImpl.configureService(StandardServiceRegistryImpl.java:136) [hibernate-core-6.4.4.Final.jar:6.4.4.Final]
	at org.hibernate.service.internal.AbstractServiceRegistryImpl.initializeService(AbstractServiceRegistryImpl.java:247) [hibernate-core-6.4.4.Final.jar:6.4.4.Final]
	at org.hibernate.service.internal.AbstractServiceRegistryImpl.getService(AbstractServiceRegistryImpl.java:215) [hibernate-core-6.4.4.Final.jar:6.4.4.Final]
	at org.hibernate.engine.jdbc.env.internal.JdbcEnvironmentInitiator.buildJdbcConnectionAccess(JdbcEnvironmentInitiator.java:395) [hibernate-core-6.4.4.Final.jar:6.4.4.Final]
	at org.hibernate.engine.jdbc.env.internal.JdbcEnvironmentInitiator.getJdbcEnvironmentUsingJdbcMetadata(JdbcEnvironmentInitiator.java:262) [hibernate-core-6.4.4.Final.jar:6.4.4.Final]
	at org.hibernate.engine.jdbc.env.internal.JdbcEnvironmentInitiator.initiateService(JdbcEnvironmentInitiator.java:107) [hibernate-core-6.4.4.Final.jar:6.4.4.Final]
	at org.hibernate.engine.jdbc.env.internal.JdbcEnvironmentInitiator.initiateService(JdbcEnvironmentInitiator.java:68) [hibernate-core-6.4.4.Final.jar:6.4.4.Final]
	at org.hibernate.boot.registry.internal.StandardServiceRegistryImpl.initiateService(StandardServiceRegistryImpl.java:130) [hibernate-core-6.4.4.Final.jar:6.4.4.Final]
	at org.hibernate.service.internal.AbstractServiceRegistryImpl.createService(AbstractServiceRegistryImpl.java:263) [hibernate-core-6.4.4.Final.jar:6.4.4.Final]
	at org.hibernate.service.internal.AbstractServiceRegistryImpl.initializeService(AbstractServiceRegistryImpl.java:238) [hibernate-core-6.4.4.Final.jar:6.4.4.Final]
	at org.hibernate.service.internal.AbstractServiceRegistryImpl.getService(AbstractServiceRegistryImpl.java:215) [hibernate-core-6.4.4.Final.jar:6.4.4.Final]
	at org.hibernate.boot.model.relational.Database.<init>(Database.java:45) [hibernate-core-6.4.4.Final.jar:6.4.4.Final]
	at org.hibernate.boot.internal.InFlightMetadataCollectorImpl.getDatabase(InFlightMetadataCollectorImpl.java:223) [hibernate-core-6.4.4.Final.jar:6.4.4.Final]
	at org.hibernate.boot.internal.InFlightMetadataCollectorImpl.<init>(InFlightMetadataCollectorImpl.java:191) [hibernate-core-6.4.4.Final.jar:6.4.4.Final]
	at org.hibernate.boot.model.process.spi.MetadataBuildingProcess.complete(MetadataBuildingProcess.java:170) [hibernate-core-6.4.4.Final.jar:6.4.4.Final]
	at org.hibernate.jpa.boot.internal.EntityManagerFactoryBuilderImpl.metadata(EntityManagerFactoryBuilderImpl.java:1432) [hibernate-core-6.4.4.Final.jar:6.4.4.Final]
	at org.hibernate.jpa.boot.internal.EntityManagerFactoryBuilderImpl.build(EntityManagerFactoryBuilderImpl.java:1503) [hibernate-core-6.4.4.Final.jar:6.4.4.Final]
	at org.hibernate.jpa.HibernatePersistenceProvider.createEntityManagerFactory(HibernatePersistenceProvider.java:55) [hibernate-core-6.4.4.Final.jar:6.4.4.Final]
	at jakarta.persistence.Persistence.createEntityManagerFactory(Persistence.java:80) [jakarta.persistence-api-3.1.0.jar:3.1.0]
	at jakarta.persistence.Persistence.createEntityManagerFactory(Persistence.java:55) [jakarta.persistence-api-3.1.0.jar:3.1.0]
	at com.bookstore.util.JPAConnectionFactory.<clinit>(JPAConnectionFactory.java:11) [classes/:?]
	at com.bookstore.dao.BookDaoJpaImpl.addBook(BookDaoJpaImpl.java:36) [classes/:?]
	at com.bookstore.service.BookServiceImpl.addBook(BookServiceImpl.java:31) [classes/:?]
	at com.bookstore.controller.BookStoreController.main(BookStoreController.java:55) [classes/:?]
WARN  | 2026-01-27 10:54:22 | [main] internal.DialectFactoryImpl (DialectFactoryImpl.java:153) - HHH90000025: MySQL8Dialect does not need to be specified explicitly using 'hibernate.dialect' (remove the property setting and it will be selected by default)
WARN  | 2026-01-27 10:54:22 | [main] internal.DialectFactoryImpl (DialectFactoryImpl.java:101) - HHH90000026: MySQL8Dialect has been deprecated; use org.hibernate.dialect.MySQLDialect instead
WARN  | 2026-01-27 10:54:22 | [main] spi.SqlExceptionHelper (SqlExceptionHelper.java:145) - SQL Error: 1049, SQLState: 42000
ERROR | 2026-01-27 10:54:22 | [main] spi.SqlExceptionHelper (SqlExceptionHelper.java:150) - Unknown database 'ymsli26'
